2020-07-03 23:06:18 INFO  TestBase:25 - Initiate Browser
2020-07-03 23:06:42 INFO  TestBase:41 - Test name: logintest
2020-07-03 23:06:42 INFO  TestBase:55 - Executed test case name:logintest Execution Results : [TestResult name={null} status=CREATED method=LoginTest.logintest()[pri:0, instance:Login.LoginTest@2ef3eef9] output={null}]
2020-07-03 23:06:42 INFO  TestBase:48 - Closing Browser
2020-07-03 23:10:48 INFO  TestBase:25 - Initiate Browser
2020-07-03 23:11:30 INFO  TestBase:31 - Browser Initiated
2020-07-03 23:11:30 INFO  TestBase:41 - Test name: logintest
2020-07-03 23:11:31 INFO  TestBase:55 - Executed test case name:logintest Execution Results : [TestResult name=logintest status=FAILURE method=LoginTest.logintest()[pri:0, instance:Login.LoginTest@708f5957] output={null}]
2020-07-03 23:11:31 INFO  TestBase:48 - Closing Browser
2020-07-03 23:11:37 INFO  TestBase:50 - Browser Closed
2020-07-04 13:32:00 INFO  TestBase:25 - Initiate Browser
2020-07-04 13:32:53 INFO  TestBase:31 - Browser Initiated
2020-07-04 13:32:53 INFO  TestBase:41 - Test name: logintest
2020-07-04 13:32:58 INFO  TestBase:55 - Executed test case name:logintest Execution Results : [TestResult name=logintest status=FAILURE method=LoginTest.logintest()[pri:0, instance:Login.LoginTest@2c767a52] output={null}]
2020-07-04 13:32:58 INFO  TestBase:48 - Closing Browser
2020-07-04 13:33:10 INFO  TestBase:50 - Browser Closed
2020-07-04 13:36:32 INFO  TestBase:25 - Initiate Browser
2020-07-04 13:37:14 INFO  TestBase:31 - Browser Initiated
2020-07-04 13:37:14 INFO  TestBase:41 - Test name: logintest
2020-07-04 13:37:23 INFO  TestBase:55 - Executed test case name:logintest Execution Results : [TestResult name=logintest status=FAILURE method=LoginTest.logintest()[pri:0, instance:Login.LoginTest@2c767a52] output={null}]
2020-07-04 13:37:23 INFO  TestBase:48 - Closing Browser
2020-07-04 13:37:32 INFO  TestBase:50 - Browser Closed
2020-07-04 13:39:10 INFO  TestBase:25 - Initiate Browser
2020-07-04 13:39:35 INFO  TestBase:31 - Browser Initiated
2020-07-04 13:39:35 INFO  TestBase:41 - Test name: logintest
2020-07-04 13:39:43 INFO  TestBase:55 - Executed test case name:logintest Execution Results : [TestResult name=logintest status=FAILURE method=LoginTest.logintest()[pri:0, instance:Login.LoginTest@708f5957] output={null}]
2020-07-04 13:39:43 INFO  TestBase:48 - Closing Browser
2020-07-04 13:39:47 INFO  TestBase:50 - Browser Closed
2020-07-04 13:40:51 INFO  TestBase:25 - Initiate Browser
2020-07-04 13:41:11 INFO  TestBase:31 - Browser Initiated
2020-07-04 13:41:11 INFO  TestBase:41 - Test name: logintest
2020-07-04 13:41:22 INFO  TestBase:55 - Executed test case name:logintest Execution Results : [TestResult name=logintest status=FAILURE method=LoginTest.logintest()[pri:0, instance:Login.LoginTest@708f5957] output={null}]
2020-07-04 13:41:22 INFO  TestBase:48 - Closing Browser
2020-07-04 13:41:29 INFO  TestBase:50 - Browser Closed
2020-07-04 13:43:01 INFO  TestBase:25 - Initiate Browser
2020-07-04 13:43:33 INFO  TestBase:31 - Browser Initiated
2020-07-04 13:43:33 INFO  TestBase:41 - Test name: logintest
2020-07-04 13:43:46 INFO  TestBase:55 - Executed test case name:logintest Execution Results : [TestResult name=logintest status=SUCCESS method=LoginTest.logintest()[pri:0, instance:Login.LoginTest@708f5957] output={null}]
2020-07-04 13:43:46 INFO  TestBase:48 - Closing Browser
2020-07-04 13:43:54 INFO  TestBase:50 - Browser Closed
2020-07-04 13:46:39 INFO  TestBase:25 - Initiate Browser
2020-07-04 13:47:06 INFO  TestBase:41 - Test name: adminTest
2020-07-04 13:47:06 INFO  TestBase:55 - Executed test case name:adminTest Execution Results : [TestResult name={null} status=CREATED method=AdminTest.adminTest()[pri:0, instance:Admin.AdminTest@2ef3eef9] output={null}]
2020-07-04 13:47:06 INFO  TestBase:48 - Closing Browser
2020-07-04 13:47:28 INFO  TestBase:25 - Initiate Browser
2020-07-04 13:47:58 INFO  TestBase:31 - Browser Initiated
2020-07-04 13:47:58 INFO  TestBase:41 - Test name: adminTest
2020-07-04 13:48:20 INFO  TestBase:55 - Executed test case name:adminTest Execution Results : [TestResult name=adminTest status=SUCCESS method=AdminTest.adminTest()[pri:0, instance:Admin.AdminTest@708f5957] output={null}]
2020-07-04 13:48:20 INFO  TestBase:48 - Closing Browser
2020-07-04 13:48:23 INFO  TestBase:50 - Browser Closed
2020-07-04 13:48:43 INFO  TestBase:25 - Initiate Browser
2020-07-04 13:49:05 INFO  TestBase:31 - Browser Initiated
2020-07-04 13:49:05 INFO  TestBase:41 - Test name: adminTest
2020-07-04 13:49:17 INFO  TestBase:55 - Executed test case name:adminTest Execution Results : [TestResult name=adminTest status=SUCCESS method=AdminTest.adminTest()[pri:0, instance:Admin.AdminTest@2c767a52] output={null}]
2020-07-04 13:49:17 INFO  TestBase:48 - Closing Browser
2020-07-04 13:49:21 INFO  TestBase:50 - Browser Closed
2020-07-15 21:42:03 INFO  TestBase:25 - Initiate Browser
2020-07-15 21:42:39 INFO  TestBase:31 - Browser Initiated
2020-07-15 21:42:39 INFO  TestBase:41 - Test name: DesignationTest
2020-07-15 21:42:41 INFO  TestBase:55 - Executed test case name:DesignationTest Execution Results : [TestResult name=DesignationTest status=FAILURE method=Designation.DesignationTest()[pri:1, instance:mastertest.EmployeeNV.Designation@2c767a52] output={null}]
2020-07-15 21:42:41 INFO  TestBase:48 - Closing Browser
2020-07-15 21:42:46 INFO  TestBase:50 - Browser Closed
2020-07-15 21:43:51 INFO  TestBase:25 - Initiate Browser
2020-07-15 21:44:12 INFO  TestBase:31 - Browser Initiated
2020-07-15 21:44:12 INFO  TestBase:41 - Test name: DesignationTest
2020-07-15 21:44:15 INFO  TestBase:55 - Executed test case name:DesignationTest Execution Results : [TestResult name=DesignationTest status=FAILURE method=Designation.DesignationTest()[pri:1, instance:mastertest.EmployeeNV.Designation@708f5957] output={null}]
2020-07-15 21:44:15 INFO  TestBase:48 - Closing Browser
2020-07-15 21:44:21 INFO  TestBase:50 - Browser Closed
2020-07-15 21:45:14 INFO  TestBase:25 - Initiate Browser
2020-07-15 21:45:34 INFO  TestBase:31 - Browser Initiated
2020-07-15 21:45:34 INFO  TestBase:41 - Test name: employeeSmokeTest
2020-07-15 21:45:36 INFO  TestBase:55 - Executed test case name:employeeSmokeTest Execution Results : [TestResult name=employeeSmokeTest status=FAILURE method=Employee.employeeSmokeTest()[pri:1, instance:mastertest.EmployeeNV.Employee@708f5957] output={null}]
2020-07-15 21:45:36 INFO  TestBase:48 - Closing Browser
2020-07-15 21:45:42 INFO  TestBase:50 - Browser Closed
2020-07-15 21:49:21 INFO  TestBase:25 - Initiate Browser
2020-07-15 21:49:41 INFO  TestBase:31 - Browser Initiated
2020-07-15 21:49:41 INFO  TestBase:41 - Test name: employeeSmokeTest
2020-07-15 21:49:42 INFO  TestBase:55 - Executed test case name:employeeSmokeTest Execution Results : [TestResult name=employeeSmokeTest status=FAILURE method=Employee.employeeSmokeTest()[pri:1, instance:mastertest.EmployeeNV.Employee@708f5957] output={null}]
2020-07-15 21:49:42 INFO  TestBase:48 - Closing Browser
2020-07-15 21:49:46 INFO  TestBase:50 - Browser Closed
2020-07-16 08:57:32 INFO  TestBase:25 - Initiate Browser
2020-07-16 08:57:50 INFO  TestBase:31 - Browser Initiated
2020-07-16 08:57:50 INFO  TestBase:41 - Test name: RoleSmokeTest
2020-07-16 08:57:50 INFO  TestBase:55 - Executed test case name:RoleSmokeTest Execution Results : [TestResult name=RoleSmokeTest status=FAILURE method=Role.RoleSmokeTest()[pri:1, instance:mastertest.EmployeeNV.Role@708f5957] output={null}]
2020-07-16 08:57:50 INFO  TestBase:48 - Closing Browser
2020-07-16 08:57:52 INFO  TestBase:50 - Browser Closed
2020-07-16 08:58:23 INFO  TestBase:25 - Initiate Browser
2020-07-16 08:58:42 INFO  TestBase:31 - Browser Initiated
2020-07-16 08:58:42 INFO  TestBase:41 - Test name: SupplierTest
2020-07-16 08:58:42 INFO  TestBase:55 - Executed test case name:SupplierTest Execution Results : [TestResult name=SupplierTest status=FAILURE method=Supplier.SupplierTest()[pri:1, instance:mastertest.SupplierNV.Supplier@2ef3eef9] output={null}]
2020-07-16 08:58:42 INFO  TestBase:48 - Closing Browser
2020-07-16 08:58:44 INFO  TestBase:50 - Browser Closed
2020-07-16 09:02:52 INFO  TestBase:25 - Initiate Browser
2020-07-16 09:03:08 INFO  TestBase:31 - Browser Initiated
2020-07-16 09:03:08 INFO  TestBase:41 - Test name: employeeSmokeTest
2020-07-16 09:03:08 INFO  TestBase:55 - Executed test case name:employeeSmokeTest Execution Results : [TestResult name=employeeSmokeTest status=FAILURE method=Employee.employeeSmokeTest()[pri:1, instance:mastertest.EmployeeNV.Employee@68999068] output={null}]
2020-07-16 09:03:08 INFO  TestBase:48 - Closing Browser
2020-07-16 09:03:10 INFO  TestBase:50 - Browser Closed
2020-07-16 09:05:15 INFO  TestBase:25 - Initiate Browser
2020-07-16 09:05:30 INFO  TestBase:31 - Browser Initiated
2020-07-16 09:05:30 INFO  TestBase:41 - Test name: employeeSmokeTest
2020-07-16 09:05:30 INFO  TestBase:55 - Executed test case name:employeeSmokeTest Execution Results : [TestResult name=employeeSmokeTest status=FAILURE method=Employee.employeeSmokeTest()[pri:1, instance:mastertest.EmployeeNV.Employee@2ef3eef9] output={null}]
2020-07-16 09:05:30 INFO  TestBase:48 - Closing Browser
2020-07-16 09:05:32 INFO  TestBase:50 - Browser Closed
2020-07-16 09:07:54 INFO  TestBase:25 - Initiate Browser
2020-07-16 09:08:09 INFO  TestBase:31 - Browser Initiated
2020-07-16 09:08:09 INFO  TestBase:41 - Test name: employeeSmokeTest
2020-07-16 09:08:09 INFO  TestBase:55 - Executed test case name:employeeSmokeTest Execution Results : [TestResult name=employeeSmokeTest status=FAILURE method=Employee.employeeSmokeTest()[pri:1, instance:mastertest.EmployeeNV.Employee@2ef3eef9] output={null}]
2020-07-16 09:08:09 INFO  TestBase:48 - Closing Browser
2020-07-16 09:08:11 INFO  TestBase:50 - Browser Closed
2020-07-16 09:08:52 INFO  TestBase:25 - Initiate Browser
2020-07-16 09:09:13 INFO  TestBase:31 - Browser Initiated
2020-07-16 09:09:13 INFO  TestBase:41 - Test name: employeeSmokeTest
2020-07-16 09:09:13 INFO  TestBase:55 - Executed test case name:employeeSmokeTest Execution Results : [TestResult name=employeeSmokeTest status=FAILURE method=Employee.employeeSmokeTest()[pri:1, instance:mastertest.EmployeeNV.Employee@2ef3eef9] output={null}]
2020-07-16 09:09:13 INFO  TestBase:48 - Closing Browser
2020-07-16 09:09:15 INFO  TestBase:50 - Browser Closed
2020-07-16 09:13:33 INFO  TestBase:25 - Initiate Browser
2020-07-16 09:33:03 INFO  TestBase:25 - Initiate Browser
2020-07-16 09:33:20 INFO  TestBase:31 - Browser Initiated
2020-07-16 09:33:20 INFO  TestBase:44 - Test name: employeeSmokeTest
2020-07-16 09:33:20 INFO  TestBase:58 - Executed test case name:employeeSmokeTest Execution Results : [TestResult name=employeeSmokeTest status=FAILURE method=Employee.employeeSmokeTest()[pri:1, instance:mastertest.EmployeeNV.Employee@2ef3eef9] output={null}]
2020-07-16 09:33:20 INFO  TestBase:51 - Closing Browser
2020-07-16 09:33:22 INFO  TestBase:53 - Browser Closed
2020-07-16 09:34:24 INFO  TestBase:25 - Initiate Browser
2020-07-16 09:34:39 INFO  TestBase:31 - Browser Initiated
2020-07-16 09:34:39 INFO  TestBase:44 - Test name: DesignationTest
2020-07-16 09:34:39 INFO  TestBase:58 - Executed test case name:DesignationTest Execution Results : [TestResult name=DesignationTest status=SUCCESS method=Designation.DesignationTest()[pri:1, instance:mastertest.EmployeeNV.Designation@2ef3eef9] output={null}]
2020-07-16 09:34:39 INFO  TestBase:51 - Closing Browser
2020-07-16 09:34:41 INFO  TestBase:53 - Browser Closed
2020-07-16 09:36:00 INFO  TestBase:25 - Initiate Browser
2020-07-16 09:36:18 INFO  TestBase:31 - Browser Initiated
2020-07-16 09:36:19 INFO  TestBase:44 - Test name: DesignationTest
2020-07-16 09:36:19 INFO  TestBase:58 - Executed test case name:DesignationTest Execution Results : [TestResult name=DesignationTest status=SUCCESS method=Designation.DesignationTest()[pri:1, instance:mastertest.EmployeeNV.Designation@2ef3eef9] output={null}]
2020-07-16 09:36:19 INFO  TestBase:51 - Closing Browser
2020-07-16 09:36:21 INFO  TestBase:53 - Browser Closed
2020-07-16 09:36:32 INFO  TestBase:25 - Initiate Browser
2020-07-16 09:36:47 INFO  TestBase:31 - Browser Initiated
2020-07-16 09:36:48 INFO  TestBase:44 - Test name: DesignationTest
2020-07-16 09:36:48 INFO  TestBase:58 - Executed test case name:DesignationTest Execution Results : [TestResult name=DesignationTest status=FAILURE method=Designation.DesignationTest()[pri:1, instance:mastertest.EmployeeNV.Designation@2ef3eef9] output={null}]
2020-07-16 09:36:48 INFO  TestBase:51 - Closing Browser
2020-07-16 09:36:50 INFO  TestBase:53 - Browser Closed
2020-07-16 09:38:06 INFO  TestBase:25 - Initiate Browser
2020-07-16 09:38:21 INFO  TestBase:31 - Browser Initiated
2020-07-16 09:38:22 INFO  TestBase:44 - Test name: DesignationTest
2020-07-16 09:38:22 INFO  TestBase:58 - Executed test case name:DesignationTest Execution Results : [TestResult name=DesignationTest status=FAILURE method=Designation.DesignationTest()[pri:1, instance:mastertest.EmployeeNV.Designation@708f5957] output={null}]
2020-07-16 09:38:22 INFO  TestBase:51 - Closing Browser
2020-07-16 09:38:24 INFO  TestBase:53 - Browser Closed
2020-07-16 09:39:00 INFO  TestBase:25 - Initiate Browser
2020-07-16 09:39:16 INFO  TestBase:31 - Browser Initiated
2020-07-16 09:39:16 INFO  TestBase:44 - Test name: employeeSmokeTest
2020-07-16 09:39:16 INFO  TestBase:58 - Executed test case name:employeeSmokeTest Execution Results : [TestResult name=employeeSmokeTest status=FAILURE method=Employee.employeeSmokeTest()[pri:1, instance:mastertest.EmployeeNV.Employee@708f5957] output={null}]
2020-07-16 09:39:16 INFO  TestBase:51 - Closing Browser
2020-07-16 09:39:18 INFO  TestBase:53 - Browser Closed
2020-07-16 09:43:31 INFO  TestBase:25 - Initiate Browser
2020-07-16 09:43:48 INFO  TestBase:31 - Browser Initiated
2020-07-16 09:43:48 INFO  TestBase:44 - Test name: employeeSmokeTest
2020-07-16 09:43:49 INFO  TestBase:58 - Executed test case name:employeeSmokeTest Execution Results : [TestResult name=employeeSmokeTest status=FAILURE method=Employee.employeeSmokeTest()[pri:1, instance:mastertest.EmployeeNV.Employee@708f5957] output={null}]
2020-07-16 09:43:49 INFO  TestBase:51 - Closing Browser
2020-07-16 09:43:51 INFO  TestBase:53 - Browser Closed
2020-07-16 09:46:55 INFO  TestBase:25 - Initiate Browser
2020-07-16 09:47:11 INFO  TestBase:31 - Browser Initiated
2020-07-16 09:47:12 INFO  TestBase:44 - Test name: employeeSmokeTest
2020-07-16 09:47:12 INFO  TestBase:58 - Executed test case name:employeeSmokeTest Execution Results : [TestResult name=employeeSmokeTest status=FAILURE method=Employee.employeeSmokeTest()[pri:1, instance:mastertest.EmployeeNV.Employee@708f5957] output={null}]
2020-07-16 09:47:12 INFO  TestBase:51 - Closing Browser
2020-07-16 09:47:14 INFO  TestBase:53 - Browser Closed
2020-07-16 09:49:32 INFO  TestBase:25 - Initiate Browser
2020-07-16 09:49:52 INFO  TestBase:31 - Browser Initiated
2020-07-16 09:49:52 INFO  TestBase:44 - Test name: employeeSmokeTest
2020-07-16 09:49:53 INFO  TestBase:58 - Executed test case name:employeeSmokeTest Execution Results : [TestResult name=employeeSmokeTest status=SUCCESS method=Employee.employeeSmokeTest()[pri:1, instance:mastertest.EmployeeNV.Employee@2ef3eef9] output={null}]
2020-07-16 09:49:53 INFO  TestBase:51 - Closing Browser
2020-07-16 09:49:55 INFO  TestBase:53 - Browser Closed
2020-07-16 09:50:25 INFO  TestBase:25 - Initiate Browser
2020-07-16 09:50:45 INFO  TestBase:31 - Browser Initiated
2020-07-16 09:50:45 INFO  TestBase:44 - Test name: employeeSmokeTest
2020-07-16 09:50:47 INFO  TestBase:58 - Executed test case name:employeeSmokeTest Execution Results : [TestResult name=employeeSmokeTest status=SUCCESS method=Employee.employeeSmokeTest()[pri:1, instance:mastertest.EmployeeNV.Employee@2ef3eef9] output={null}]
2020-07-16 09:50:47 INFO  TestBase:51 - Closing Browser
2020-07-16 09:50:49 INFO  TestBase:53 - Browser Closed
2020-07-16 09:57:26 INFO  TestBase:25 - Initiate Browser
2020-07-16 09:57:41 INFO  TestBase:31 - Browser Initiated
2020-07-16 09:57:41 INFO  TestBase:44 - Test name: RoleSmokeTest
2020-07-16 09:57:43 INFO  TestBase:58 - Executed test case name:RoleSmokeTest Execution Results : [TestResult name=RoleSmokeTest status=FAILURE method=Role.RoleSmokeTest()[pri:1, instance:mastertest.EmployeeNV.Role@2ef3eef9] output={null}]
2020-07-16 09:57:43 INFO  TestBase:51 - Closing Browser
2020-07-16 09:57:45 INFO  TestBase:53 - Browser Closed
2020-07-16 09:58:09 INFO  TestBase:25 - Initiate Browser
2020-07-16 09:58:27 INFO  TestBase:31 - Browser Initiated
2020-07-16 09:58:27 INFO  TestBase:44 - Test name: RoleSmokeTest
2020-07-16 09:58:30 INFO  TestBase:58 - Executed test case name:RoleSmokeTest Execution Results : [TestResult name=RoleSmokeTest status=FAILURE method=Role.RoleSmokeTest()[pri:1, instance:mastertest.EmployeeNV.Role@2ef3eef9] output={null}]
2020-07-16 09:58:30 INFO  TestBase:51 - Closing Browser
2020-07-16 09:58:32 INFO  TestBase:53 - Browser Closed
2020-07-16 09:59:35 INFO  TestBase:25 - Initiate Browser
2020-07-16 10:00:10 INFO  TestBase:31 - Browser Initiated
2020-07-16 10:00:10 INFO  TestBase:44 - Test name: RoleSmokeTest
2020-07-16 10:00:12 INFO  TestBase:58 - Executed test case name:RoleSmokeTest Execution Results : [TestResult name=RoleSmokeTest status=FAILURE method=Role.RoleSmokeTest()[pri:1, instance:mastertest.EmployeeNV.Role@2ef3eef9] output={null}]
2020-07-16 10:00:12 INFO  TestBase:51 - Closing Browser
2020-07-16 10:00:13 INFO  TestBase:53 - Browser Closed
2020-07-16 10:01:42 INFO  TestBase:25 - Initiate Browser
2020-07-16 10:02:01 INFO  TestBase:31 - Browser Initiated
2020-07-16 10:02:02 INFO  TestBase:44 - Test name: RoleSmokeTest
2020-07-16 10:02:03 INFO  TestBase:58 - Executed test case name:RoleSmokeTest Execution Results : [TestResult name=RoleSmokeTest status=FAILURE method=Role.RoleSmokeTest()[pri:1, instance:mastertest.EmployeeNV.Role@2ef3eef9] output={null}]
2020-07-16 10:02:03 INFO  TestBase:51 - Closing Browser
2020-07-16 10:02:05 INFO  TestBase:53 - Browser Closed
2020-07-16 10:07:27 INFO  TestBase:25 - Initiate Browser
2020-07-16 10:07:42 INFO  TestBase:31 - Browser Initiated
2020-07-16 10:07:42 INFO  TestBase:44 - Test name: RoleSmokeTest
2020-07-16 10:07:42 INFO  TestBase:58 - Executed test case name:RoleSmokeTest Execution Results : [TestResult name=RoleSmokeTest status=FAILURE method=Role.RoleSmokeTest()[pri:1, instance:mastertest.EmployeeNV.Role@2ef3eef9] output={null}]
2020-07-16 10:07:42 INFO  TestBase:51 - Closing Browser
2020-07-16 10:07:44 INFO  TestBase:53 - Browser Closed
2020-07-16 10:08:15 INFO  TestBase:25 - Initiate Browser
2020-07-16 10:08:29 INFO  TestBase:31 - Browser Initiated
2020-07-16 10:08:29 INFO  TestBase:44 - Test name: SupplierTest
2020-07-16 10:08:29 INFO  TestBase:58 - Executed test case name:SupplierTest Execution Results : [TestResult name=SupplierTest status=FAILURE method=Supplier.SupplierTest()[pri:1, instance:mastertest.SupplierNV.Supplier@2ef3eef9] output={null}]
2020-07-16 10:08:29 INFO  TestBase:51 - Closing Browser
2020-07-16 10:08:31 INFO  TestBase:53 - Browser Closed
